{"C:\\Users\\H378136\\Documents\\Index\\Logica JS\\test-ejercicios\\ejercicio2\\ejercicio2.js": {"path":"C:\\Users\\H378136\\Documents\\Index\\Logica JS\\test-ejercicios\\ejercicio2\\ejercicio2.js","all":false,"statementMap":{"0":{"start":{"line":1,"column":0},"end":{"line":1,"column":28}},"1":{"start":{"line":2,"column":0},"end":{"line":2,"column":58}},"2":{"start":{"line":3,"column":0},"end":{"line":3,"column":33}},"3":{"start":{"line":4,"column":0},"end":{"line":4,"column":2}},"4":{"start":{"line":5,"column":0},"end":{"line":5,"column":0}},"5":{"start":{"line":6,"column":0},"end":{"line":6,"column":28}}},"s":{"0":0,"1":0,"2":0,"3":1,"4":1,"5":1},"branchMap":{},"b":{},"fnMap":{"0":{"name":"palindromo","decl":{"start":{"line":1,"column":0},"end":{"line":4,"column":1}},"loc":{"start":{"line":1,"column":0},"end":{"line":4,"column":1}},"line":1}},"f":{"0":0}}
}
